-------------------------------------------------------------------------------
Test set: com.kafka.api.SpringBootKafkaApiApplicationTests
-------------------------------------------------------------------------------
Tests run: 1, Failures: 0, Errors: 1, Skipped: 0, Time elapsed: 67.827 s <<< FAILURE! - in com.kafka.api.SpringBootKafkaApiApplicationTests
contextLoads(com.kafka.api.SpringBootKafkaApiApplicationTests)  Time elapsed: 0.001 s  <<< ERROR!
java.lang.IllegalStateException: Failed to load ApplicationContext
Caused by: org.springframework.context.ApplicationContextException: Failed to start bean 'org.springframework.kafka.config.internalKafkaListenerEndpointRegistry'; nested exception is org.apache.kafka.common.errors.TimeoutException: Timeout expired while fetching topic metadata
Caused by: org.apache.kafka.common.errors.TimeoutException: Timeout expired while fetching topic metadata

